2023-02-26 21:11:10,509 - root - DEBUG - Run App
2023-02-26 21:11:10,585 - urllib3.connectionpool - DEBUG - Starting new HTTP connection (1): localhost:5000
2023-02-26 21:11:10,605 - urllib3.connectionpool - DEBUG - http://localhost:5000 "POST /user/login?username=zahid&password=123456 HTTP/1.1" 200 None
2023-02-26 21:11:11,134 - urllib3.connectionpool - DEBUG - Starting new HTTP connection (1): localhost:5000
2023-02-26 21:11:11,158 - urllib3.connectionpool - DEBUG - http://localhost:5000 "POST /DrawBox/drawBoxes?userName=zahid HTTP/1.1" 200 None
2023-02-26 21:11:26,604 - urllib3.connectionpool - DEBUG - Starting new HTTP connection (1): localhost:5000
2023-02-26 21:11:26,642 - urllib3.connectionpool - DEBUG - http://localhost:5000 "POST /Element/getElementsWithItsLayer?userName=zahid&drawBoxId=1 HTTP/1.1" 200 None
2023-02-26 21:11:26,646 - urllib3.connectionpool - DEBUG - Starting new HTTP connection (1): localhost:5000
2023-02-26 21:11:26,677 - urllib3.connectionpool - DEBUG - http://localhost:5000 "POST /Layer/layers?userName=zahid&userDrawBoxId=1 HTTP/1.1" 200 None
2023-02-26 21:11:27,839 - urllib3.connectionpool - DEBUG - Starting new HTTP connection (1): localhost:5001
2023-02-26 21:11:27,854 - urllib3.connectionpool - DEBUG - http://localhost:5001 "POST /geo/findTwoPointsLength/ HTTP/1.1" 200 14
2023-02-26 21:11:27,887 - urllib3.connectionpool - DEBUG - Starting new HTTP connection (1): localhost:5001
2023-02-26 21:11:27,897 - urllib3.connectionpool - DEBUG - http://localhost:5001 "POST /geo/findTwoPointsLength/ HTTP/1.1" 200 29
2023-02-26 21:11:27,922 - urllib3.connectionpool - DEBUG - Starting new HTTP connection (1): localhost:5001
2023-02-26 21:11:27,942 - urllib3.connectionpool - DEBUG - http://localhost:5001 "POST /geo/findTwoPointsLength/ HTTP/1.1" 200 29
2023-02-26 21:11:27,953 - urllib3.connectionpool - DEBUG - Starting new HTTP connection (1): localhost:5001
2023-02-26 21:11:27,970 - urllib3.connectionpool - DEBUG - http://localhost:5001 "POST /geo/findTwoPointsLength/ HTTP/1.1" 200 29
2023-02-26 21:11:27,980 - urllib3.connectionpool - DEBUG - Starting new HTTP connection (1): localhost:5001
2023-02-26 21:11:27,995 - urllib3.connectionpool - DEBUG - http://localhost:5001 "POST /geo/findTwoPointsLength/ HTTP/1.1" 200 29
2023-02-26 21:11:28,022 - urllib3.connectionpool - DEBUG - Starting new HTTP connection (1): localhost:5001
2023-02-26 21:11:28,032 - urllib3.connectionpool - DEBUG - http://localhost:5001 "POST /geo/findTwoPointsLength/ HTTP/1.1" 200 29
2023-02-26 21:11:28,808 - urllib3.connectionpool - DEBUG - Starting new HTTP connection (1): localhost:5001
2023-02-26 21:11:28,815 - urllib3.connectionpool - DEBUG - http://localhost:5001 "POST /geo/findTwoPointsLength/ HTTP/1.1" 200 29
2023-02-26 21:11:28,971 - urllib3.connectionpool - DEBUG - Starting new HTTP connection (1): localhost:5001
2023-02-26 21:11:28,978 - urllib3.connectionpool - DEBUG - http://localhost:5001 "POST /geo/findTwoPointsLength/ HTTP/1.1" 200 29
2023-02-26 21:11:29,071 - urllib3.connectionpool - DEBUG - Starting new HTTP connection (1): localhost:5001
2023-02-26 21:11:29,079 - urllib3.connectionpool - DEBUG - http://localhost:5001 "POST /geo/findTwoPointsLength/ HTTP/1.1" 200 29
2023-02-26 21:11:29,191 - urllib3.connectionpool - DEBUG - Starting new HTTP connection (1): localhost:5001
2023-02-26 21:11:29,198 - urllib3.connectionpool - DEBUG - http://localhost:5001 "POST /geo/findTwoPointsLength/ HTTP/1.1" 200 29
2023-02-26 21:11:29,280 - urllib3.connectionpool - DEBUG - Starting new HTTP connection (1): localhost:5001
2023-02-26 21:11:29,289 - urllib3.connectionpool - DEBUG - http://localhost:5001 "POST /geo/findTwoPointsLength/ HTTP/1.1" 200 29
2023-02-26 21:11:30,721 - urllib3.connectionpool - DEBUG - Starting new HTTP connection (1): localhost:5001
2023-02-26 21:11:30,728 - urllib3.connectionpool - DEBUG - http://localhost:5001 "POST /geo/findTwoPointsLength/ HTTP/1.1" 200 29
2023-02-26 21:11:35,925 - urllib3.connectionpool - DEBUG - Starting new HTTP connection (1): localhost:5000
2023-02-26 21:11:35,931 - urllib3.connectionpool - DEBUG - http://localhost:5000 "POST /user/logout?username=zahid&password=123456 HTTP/1.1" 200 None
